[    12.210] (WW) Failed to open protocol names file lib/xorg/protocol.txt
[    12.210] 
X.Org X Server 1.20.8
X Protocol Version 11, Revision 0
[    12.210] Build Operating System: Linux Arch Linux
[    12.210] Current Operating System: Linux salim 5.7.7-arch1-1-navi #1 SMP PREEMPT Fri, 03 Jul 2020 23:41:47 +0000 x86_64
[    12.210] Kernel command line: BOOT_IMAGE=/vmlinuz-linux-navi root=UUID=c93ae8f7-5a60-430e-ae24-5372aa1c6470 rw loglevel=3 quiet vfio-pci.ids=1002:731f,1002:ab38 amdgpu.ppfeaturemask=0xffffffff amd_iommu=on iommu=pt video=efifb:off
[    12.211] Build Date: 05 May 2020  05:08:17AM
[    12.211]  
[    12.211] Current version of pixman: 0.40.0
[    12.211] 	Before reporting problems, check http://wiki.x.org
	to make sure that you have the latest version.
[    12.211] Markers: (--) probed, (**) from config file, (==) default setting,
	(++) from command line, (!!) notice, (II) informational,
	(WW) warning, (EE) error, (NI) not implemented, (??) unknown.
[    12.211] (==) Log file: "/home/salman1567/.local/share/xorg/Xorg.0.log", Time: Mon Jul  6 13:02:59 2020
[    12.213] (==) Using config directory: "/etc/X11/xorg.conf.d"
[    12.213] (==) Using system config directory "/usr/share/X11/xorg.conf.d"
[    12.214] (==) No Layout section.  Using the first Screen section.
[    12.214] (==) No screen section available. Using defaults.
[    12.214] (**) |-->Screen "Default Screen Section" (0)
[    12.214] (**) |   |-->Monitor "<default monitor>"
[    12.215] (==) No device specified for screen "Default Screen Section".
	Using the first device section listed.
[    12.215] (**) |   |-->Device "AMD"
[    12.215] (==) No monitor specified for screen "Default Screen Section".
	Using a default monitor configuration.
[    12.215] (==) Automatically adding devices
[    12.215] (==) Automatically enabling devices
[    12.215] (==) Automatically adding GPU devices
[    12.215] (==) Automatically binding GPU devices
[    12.215] (==) Max clients allowed: 256, resource mask: 0x1fffff
[    12.216] (WW) The directory "/usr/share/fonts/misc" does not exist.
[    12.216] 	Entry deleted from font path.
[    12.216] (WW) The directory "/usr/share/fonts/OTF" does not exist.
[    12.216] 	Entry deleted from font path.
[    12.216] (WW) The directory "/usr/share/fonts/Type1" does not exist.
[    12.216] 	Entry deleted from font path.
[    12.216] (WW) The directory "/usr/share/fonts/100dpi" does not exist.
[    12.216] 	Entry deleted from font path.
[    12.216] (WW) The directory "/usr/share/fonts/75dpi" does not exist.
[    12.216] 	Entry deleted from font path.
[    12.216] (==) FontPath set to:
	/usr/share/fonts/TTF
[    12.216] (==) ModulePath set to "/usr/lib/xorg/modules"
[    12.216] (II) The server relies on udev to provide the list of input devices.
	If no devices become available, reconfigure udev or disable AutoAddDevices.
[    12.216] (II) Module ABI versions:
[    12.216] 	X.Org ANSI C Emulation: 0.4
[    12.216] 	X.Org Video Driver: 24.1
[    12.216] 	X.Org XInput driver : 24.1
[    12.216] 	X.Org Server Extension : 10.0
[    12.216] (++) using VT number 2

[    12.216] (--) controlling tty is VT number 2, auto-enabling KeepTty
[    12.217] (II) systemd-logind: took control of session /org/freedesktop/login1/session/_31
[    12.217] (II) xfree86: Adding drm device (/dev/dri/card0)
[    12.217] (II) systemd-logind: got fd for /dev/dri/card0 226:0 fd 10 paused 0
[    12.220] (--) PCI: (3@0:0:0) 1002:67df:1682:c580 rev 231, Mem @ 0xd0000000/268435456, 0xe0000000/2097152, 0xfca00000/262144, I/O @ 0x0000e000/256, BIOS @ 0x????????/131072
[    12.220] (--) PCI:*(10@0:0:0) 1002:731f:1da2:e409 rev 193, Mem @ 0xb0000000/268435456, 0xc0000000/2097152, 0xfce00000/524288, I/O @ 0x0000f000/256, BIOS @ 0x????????/131072
[    12.220] (WW) Open ACPI failed (/var/run/acpid.socket) (No such file or directory)
[    12.220] (II) LoadModule: "glx"
[    12.221] (II) Loading /usr/lib/xorg/modules/extensions/libglx.so
[    12.229] (II) Module glx: vendor="X.Org Foundation"
[    12.229] 	compiled for 1.20.8, module version = 1.0.0
[    12.229] 	ABI class: X.Org Server Extension, version 10.0
[    12.229] (II) LoadModule: "amdgpu"
[    12.230] (II) Loading /usr/lib/xorg/modules/drivers/amdgpu_drv.so
[    12.233] (II) Module amdgpu: vendor="X.Org Foundation"
[    12.233] 	compiled for 1.20.8, module version = 19.1.0
[    12.233] 	Module class: X.Org Video Driver
[    12.233] 	ABI class: X.Org Video Driver, version 24.1
[    12.233] (II) AMDGPU: Driver for AMD Radeon:
	All GPUs supported by the amdgpu kernel driver
[    12.233] (WW) VGA arbiter: cannot open kernel arbiter, no multi-card support
[    12.233] (II) AMDGPU(0): Creating default Display subsection in Screen section
	"Default Screen Section" for depth/fbbpp 24/32
[    12.233] (==) AMDGPU(0): Depth 24, (--) framebuffer bpp 32
[    12.233] (II) AMDGPU(0): Pixel depth = 24 bits stored in 4 bytes (32 bpp pixmaps)
[    12.233] (==) AMDGPU(0): Default visual is TrueColor
[    12.233] (==) AMDGPU(0): RGB weight 888
[    12.233] (II) AMDGPU(0): Using 8 bits per RGB (8 bit DAC)
[    12.233] (--) AMDGPU(0): Chipset: "Radeon RX 580 Series" (ChipID = 0x67df)
[    12.233] (II) Loading sub module "fb"
[    12.233] (II) LoadModule: "fb"
[    12.234] (II) Loading /usr/lib/xorg/modules/libfb.so
[    12.234] (II) Module fb: vendor="X.Org Foundation"
[    12.234] 	compiled for 1.20.8, module version = 1.0.0
[    12.234] 	ABI class: X.Org ANSI C Emulation, version 0.4
[    12.234] (II) Loading sub module "dri2"
[    12.234] (II) LoadModule: "dri2"
[    12.234] (II) Module "dri2" already built-in
[    12.449] (II) Loading sub module "glamoregl"
[    12.449] (II) LoadModule: "glamoregl"
[    12.449] (II) Loading /usr/lib/xorg/modules/libglamoregl.so
[    12.455] (II) Module glamoregl: vendor="X.Org Foundation"
[    12.455] 	compiled for 1.20.8, module version = 1.0.1
[    12.455] 	ABI class: X.Org ANSI C Emulation, version 0.4
[    12.473] (II) AMDGPU(0): glamor X acceleration enabled on Radeon RX 580 Series (POLARIS10, DRM 3.37.0, 5.7.7-arch1-1-navi, LLVM 10.0.0)
[    12.473] (II) AMDGPU(0): glamor detected, initialising EGL layer.
[    12.473] (==) AMDGPU(0): TearFree property default: auto
[    12.473] (==) AMDGPU(0): VariableRefresh: disabled
[    12.473] (II) AMDGPU(0): KMS Pageflipping: enabled
[    12.474] (II) AMDGPU(0): Output DisplayPort-0 has no monitor section
[    12.474] (II) AMDGPU(0): Output DisplayPort-1 has no monitor section
[    12.474] (II) AMDGPU(0): Output DisplayPort-2 has no monitor section
[    12.474] (II) AMDGPU(0): Output HDMI-A-0 has no monitor section
[    12.474] (II) AMDGPU(0): Output DVI-D-0 has no monitor section
[    12.496] (II) AMDGPU(0): EDID for output DisplayPort-0
[    12.496] (II) AMDGPU(0): Manufacturer: VTK  Model: 3000  Serial#: 0
[    12.496] (II) AMDGPU(0): Year: 2019  Week: 19
[    12.496] (II) AMDGPU(0): EDID Version: 1.4
[    12.496] (II) AMDGPU(0): Digital Display Input
[    12.496] (II) AMDGPU(0): 8 bits per channel
[    12.496] (II) AMDGPU(0): Digital interface is DisplayPort
[    12.496] (II) AMDGPU(0): Max Image Size [cm]: horiz.: 69  vert.: 29
[    12.496] (II) AMDGPU(0): Gamma: 2.20
[    12.496] (II) AMDGPU(0): DPMS capabilities: Off
[    12.496] (II) AMDGPU(0): Supported color encodings: RGB 4:4:4 YCrCb 4:4:4 YCrCb 4:2:2
[    12.496] (II) AMDGPU(0): Default color space is primary color space
[    12.496] (II) AMDGPU(0): First detailed timing is preferred mode
[    12.496] (II) AMDGPU(0): Preferred mode is native pixel format and refresh rate
[    12.496] (II) AMDGPU(0): Display is continuous-frequency
[    12.496] (II) AMDGPU(0): redX: 0.677 redY: 0.314   greenX: 0.286 greenY: 0.637
[    12.496] (II) AMDGPU(0): blueX: 0.136 blueY: 0.077   whiteX: 0.313 whiteY: 0.329
[    12.496] (II) AMDGPU(0): Supported established timings:
[    12.496] (II) AMDGPU(0): 720x400@70Hz
[    12.496] (II) AMDGPU(0): 640x480@60Hz
[    12.496] (II) AMDGPU(0): 640x480@75Hz
[    12.496] (II) AMDGPU(0): 800x600@60Hz
[    12.496] (II) AMDGPU(0): 800x600@75Hz
[    12.496] (II) AMDGPU(0): 1024x768@60Hz
[    12.496] (II) AMDGPU(0): 1024x768@75Hz
[    12.496] (II) AMDGPU(0): 1280x1024@75Hz
[    12.496] (II) AMDGPU(0): Manufacturer's mask: 0
[    12.496] (II) AMDGPU(0): Supported standard timings:
[    12.496] (II) AMDGPU(0): #0: hsize: 1280  vsize 720  refresh: 60  vid: 49281
[    12.496] (II) AMDGPU(0): #1: hsize: 1280  vsize 1024  refresh: 60  vid: 32897
[    12.496] (II) AMDGPU(0): #2: hsize: 1440  vsize 900  refresh: 60  vid: 149
[    12.496] (II) AMDGPU(0): #3: hsize: 1152  vsize 864  refresh: 75  vid: 20337
[    12.496] (II) AMDGPU(0): #4: hsize: 1680  vsize 1050  refresh: 60  vid: 179
[    12.496] (II) AMDGPU(0): #5: hsize: 1920  vsize 1080  refresh: 60  vid: 49361
[    12.496] (II) AMDGPU(0): Supported detailed timing:
[    12.496] (II) AMDGPU(0): clock: 183.6 MHz   Image Size:  690 x 291 mm
[    12.496] (II) AMDGPU(0): h_active: 2560  h_sync: 2608  h_sync_end 2672 h_blank_end 2720 h_border: 0
[    12.496] (II) AMDGPU(0): v_active: 1080  v_sync: 1083  v_sync_end 1088 v_blanking: 1125 v_border: 0
[    12.496] (II) AMDGPU(0): Supported detailed timing:
[    12.496] (II) AMDGPU(0): clock: 435.9 MHz   Image Size:  690 x 291 mm
[    12.496] (II) AMDGPU(0): h_active: 2560  h_sync: 2608  h_sync_end 2640 h_blank_end 2720 h_border: 0
[    12.496] (II) AMDGPU(0): v_active: 1080  v_sync: 1083  v_sync_end 1088 v_blanking: 1113 v_border: 0
[    12.496] (II) AMDGPU(0): Ranges: V min: 50 V max: 122 Hz, H min: 220 H max: 220 kHz, PixClock max 505 MHz
[    12.496] (II) AMDGPU(0): Monitor name: GNV30CB
[    12.496] (II) AMDGPU(0): Supported detailed timing:
[    12.496] (II) AMDGPU(0): clock: 367.2 MHz   Image Size:  690 x 291 mm
[    12.496] (II) AMDGPU(0): h_active: 2560  h_sync: 2608  h_sync_end 2672 h_blank_end 2720 h_border: 0
[    12.496] (II) AMDGPU(0): v_active: 1080  v_sync: 1083  v_sync_end 1088 v_blanking: 1125 v_border: 0
[    12.496] (II) AMDGPU(0): Supported detailed timing:
[    12.496] (II) AMDGPU(0): clock: 105.6 MHz   Image Size:  690 x 291 mm
[    12.496] (II) AMDGPU(0): h_active: 1280  h_sync: 1456  h_sync_end 1544 h_blank_end 1560 h_border: 0
[    12.496] (II) AMDGPU(0): v_active: 1080  v_sync: 1088  v_sync_end 1098 v_blanking: 1128 v_border: 0
[    12.496] (II) AMDGPU(0): Supported detailed timing:
[    12.496] (II) AMDGPU(0): clock: 230.5 MHz   Image Size:  690 x 291 mm
[    12.496] (II) AMDGPU(0): h_active: 2560  h_sync: 2608  h_sync_end 2640 h_blank_end 2720 h_border: 0
[    12.496] (II) AMDGPU(0): v_active: 1080  v_sync: 1083  v_sync_end 1088 v_blanking: 1130 v_border: 0
[    12.496] (II) AMDGPU(0): Number of EDID sections to follow: 1
[    12.496] (II) AMDGPU(0): EDID (in hex):
[    12.496] (II) AMDGPU(0): 	00ffffffffffff005a8b003000000000
[    12.496] (II) AMDGPU(0): 	131d0104a5451d783f64f5ad5049a322
[    12.496] (II) AMDGPU(0): 	135054a54b0081c081809500714fb300
[    12.496] (II) AMDGPU(0): 	d1c001010101b84700a0a0382d403040
[    12.496] (II) AMDGPU(0): 	3500b2232100001a4aaa00a0a0382140
[    12.496] (II) AMDGPU(0): 	30203500b2232100001a000000fd0032
[    12.496] (II) AMDGPU(0): 	7adcdc32010a202020202020000000fc
[    12.496] (II) AMDGPU(0): 	00474e56333043420a20202020200141
[    12.496] (II) AMDGPU(0): 	020317f14a01020304901112131f4e23
[    12.496] (II) AMDGPU(0): 	09070783010000708f00a0a0382d4030
[    12.496] (II) AMDGPU(0): 	403500b2232100001e3e290018513830
[    12.496] (II) AMDGPU(0): 	40b0588a00b2232100001e0c5a00a0a0
[    12.496] (II) AMDGPU(0): 	38324030203500b2232100001e000000
[    12.496] (II) AMDGPU(0): 	00000000000000000000000000000000
[    12.496] (II) AMDGPU(0): 	00000000000000000000000000000000
[    12.496] (II) AMDGPU(0): 	0000000000000000000000000000000a
[    12.496] (II) AMDGPU(0): Printing probed modes for output DisplayPort-0
[    12.496] (II) AMDGPU(0): Modeline "2560x1080"x60.0  183.60  2560 2608 2672 2720  1080 1083 1088 1125 +hsync -vsync (67.5 kHz eP)
[    12.496] (II) AMDGPU(0): Modeline "2560x1080"x144.0  435.94  2560 2608 2640 2720  1080 1083 1088 1113 +hsync -vsync (160.3 kHz e)
[    12.496] (II) AMDGPU(0): Modeline "2560x1080"x120.0  367.20  2560 2608 2672 2720  1080 1083 1088 1125 +hsync +vsync (135.0 kHz e)
[    12.496] (II) AMDGPU(0): Modeline "2560x1080"x75.0  230.52  2560 2608 2640 2720  1080 1083 1088 1130 +hsync +vsync (84.8 kHz e)
[    12.496] (II) AMDGPU(0): Modeline "1920x1080"x120.0  297.00  1920 2008 2052 2200  1080 1084 1089 1125 +hsync +vsync (135.0 kHz e)
[    12.496] (II) AMDGPU(0): Modeline "1920x1080"x119.9  296.70  1920 2008 2052 2200  1080 1084 1089 1125 +hsync +vsync (134.9 kHz e)
[    12.496] (II) AMDGPU(0): Modeline "1920x1080"x60.0  148.50  1920 2008 2052 2200  1080 1084 1089 1125 -hsync -vsync (67.5 kHz e)
[    12.496] (II) AMDGPU(0): Modeline "1920x1080"x60.0  148.50  1920 2008 2052 2200  1080 1084 1089 1125 +hsync +vsync (67.5 kHz e)
[    12.496] (II) AMDGPU(0): Modeline "1920x1080"x50.0  148.50  1920 2448 2492 2640  1080 1084 1089 1125 +hsync +vsync (56.2 kHz e)
[    12.496] (II) AMDGPU(0): Modeline "1920x1080"x59.9  148.35  1920 2008 2052 2200  1080 1084 1089 1125 +hsync +vsync (67.4 kHz e)
[    12.496] (II) AMDGPU(0): Modeline "1680x1050"x60.0  146.25  1680 1784 1960 2240  1050 1053 1059 1089 -hsync +vsync (65.3 kHz e)
[    12.496] (II) AMDGPU(0): Modeline "1280x1080"x60.0  105.58  1280 1456 1544 1560  1080 1088 1098 1128 +hsync +vsync (67.7 kHz e)
[    12.496] (II) AMDGPU(0): Modeline "1280x1024"x75.0  135.00  1280 1296 1440 1688  1024 1025 1028 1066 +hsync +vsync (80.0 kHz e)
[    12.496] (II) AMDGPU(0): Modeline "1280x1024"x60.0  108.00  1280 1328 1440 1688  1024 1025 1028 1066 +hsync +vsync (64.0 kHz e)
[    12.496] (II) AMDGPU(0): Modeline "1440x900"x59.9  106.50  1440 1520 1672 1904  900 903 909 934 -hsync +vsync (55.9 kHz e)
[    12.496] (II) AMDGPU(0): Modeline "1280x800"x60.0  183.60  1280 2608 2672 2720  800 1083 1088 1125 +hsync -vsync (67.5 kHz e)
[    12.496] (II) AMDGPU(0): Modeline "1152x864"x75.0  108.00  1152 1216 1344 1600  864 865 868 900 +hsync +vsync (67.5 kHz e)
[    12.496] (II) AMDGPU(0): Modeline "1280x720"x60.0   74.25  1280 1390 1430 1650  720 725 730 750 +hsync +vsync (45.0 kHz e)
[    12.496] (II) AMDGPU(0): Modeline "1280x720"x50.0   74.25  1280 1720 1760 1980  720 725 730 750 +hsync +vsync (37.5 kHz e)
[    12.496] (II) AMDGPU(0): Modeline "1280x720"x59.9   74.18  1280 1390 1430 1650  720 725 730 750 +hsync +vsync (45.0 kHz e)
[    12.496] (II) AMDGPU(0): Modeline "1024x768"x75.0   78.75  1024 1040 1136 1312  768 769 772 800 +hsync +vsync (60.0 kHz e)
[    12.496] (II) AMDGPU(0): Modeline "1024x768"x60.0   65.00  1024 1048 1184 1344  768 771 777 806 -hsync -vsync (48.4 kHz e)
[    12.496] (II) AMDGPU(0): Modeline "800x600"x75.0   49.50  800 816 896 1056  600 601 604 625 +hsync +vsync (46.9 kHz e)
[    12.496] (II) AMDGPU(0): Modeline "800x600"x60.3   40.00  800 840 968 1056  600 601 605 628 +hsync +vsync (37.9 kHz e)
[    12.496] (II) AMDGPU(0): Modeline "720x576"x50.0   27.00  720 732 796 864  576 581 586 625 -hsync -vsync (31.2 kHz e)
[    12.496] (II) AMDGPU(0): Modeline "720x480"x60.0   27.03  720 736 798 858  480 489 495 525 -hsync -vsync (31.5 kHz e)
[    12.496] (II) AMDGPU(0): Modeline "720x480"x59.9   27.00  720 736 798 858  480 489 495 525 -hsync -vsync (31.5 kHz e)
[    12.496] (II) AMDGPU(0): Modeline "640x480"x75.0   31.50  640 656 720 840  480 481 484 500 -hsync -vsync (37.5 kHz e)
[    12.496] (II) AMDGPU(0): Modeline "640x480"x60.0   25.20  640 656 752 800  480 490 492 525 -hsync -vsync (31.5 kHz e)
[    12.496] (II) AMDGPU(0): Modeline "640x480"x59.9   25.18  640 656 752 800  480 490 492 525 -hsync -vsync (31.5 kHz e)
[    12.496] (II) AMDGPU(0): Modeline "720x400"x70.1   28.32  720 738 846 900  400 412 414 449 -hsync +vsync (31.5 kHz e)
[    12.496] (II) AMDGPU(0): EDID for output DisplayPort-1
[    12.496] (II) AMDGPU(0): Manufacturer: HWP  Model: 2904  Serial#: 16843009
[    12.496] (II) AMDGPU(0): Year: 2012  Week: 9
[    12.496] (II) AMDGPU(0): EDID Version: 1.3
[    12.496] (II) AMDGPU(0): Analog Display Input,  Input Voltage Level: 0.700/0.700 V
[    12.496] (II) AMDGPU(0): Sync:  Separate
[    12.496] (II) AMDGPU(0): Max Image Size [cm]: horiz.: 44  vert.: 25
[    12.496] (II) AMDGPU(0): Gamma: 2.20
[    12.496] (II) AMDGPU(0): DPMS capabilities: Off; RGB/Color Display
[    12.496] (II) AMDGPU(0): Default color space is primary color space
[    12.496] (II) AMDGPU(0): First detailed timing is preferred mode
[    12.496] (II) AMDGPU(0): redX: 0.648 redY: 0.336   greenX: 0.294 greenY: 0.607
[    12.496] (II) AMDGPU(0): blueX: 0.145 blueY: 0.064   whiteX: 0.313 whiteY: 0.329
[    12.496] (II) AMDGPU(0): Supported established timings:
[    12.496] (II) AMDGPU(0): 720x400@70Hz
[    12.496] (II) AMDGPU(0): 640x480@60Hz
[    12.496] (II) AMDGPU(0): 800x600@60Hz
[    12.496] (II) AMDGPU(0): 1024x768@60Hz
[    12.496] (II) AMDGPU(0): Manufacturer's mask: 0
[    12.496] (II) AMDGPU(0): Supported standard timings:
[    12.496] (II) AMDGPU(0): #0: hsize: 1280  vsize 720  refresh: 60  vid: 49281
[    12.496] (II) AMDGPU(0): #1: hsize: 1280  vsize 1024  refresh: 60  vid: 32897
[    12.496] (II) AMDGPU(0): #2: hsize: 1440  vsize 900  refresh: 60  vid: 149
[    12.496] (II) AMDGPU(0): #3: hsize: 1600  vsize 900  refresh: 60  vid: 49321
[    12.496] (II) AMDGPU(0): Supported detailed timing:
[    12.496] (II) AMDGPU(0): clock: 108.0 MHz   Image Size:  443 x 249 mm
[    12.496] (II) AMDGPU(0): h_active: 1600  h_sync: 1624  h_sync_end 1704 h_blank_end 1800 h_border: 0
[    12.496] (II) AMDGPU(0): v_active: 900  v_sync: 901  v_sync_end 904 v_blanking: 1000 v_border: 0
[    12.496] (II) AMDGPU(0): Ranges: V min: 50 V max: 76 Hz, H min: 24 H max: 83 kHz, PixClock max 175 MHz
[    12.496] (II) AMDGPU(0): Monitor name: HP S2031
[    12.496] (II) AMDGPU(0): Serial No: 3CQ209CC3W
[    12.496] (II) AMDGPU(0): EDID (in hex):
[    12.496] (II) AMDGPU(0): 	00ffffffffffff0022f0042901010101
[    12.496] (II) AMDGPU(0): 	09160103682c19782e0625a6564b9b25
[    12.496] (II) AMDGPU(0): 	105054a1080081c081809500a9c00101
[    12.496] (II) AMDGPU(0): 	010101010101302a40c8608464301850
[    12.496] (II) AMDGPU(0): 	1300bbf91000001e000000fd00324c18
[    12.496] (II) AMDGPU(0): 	5311000a202020202020000000fc0048
[    12.496] (II) AMDGPU(0): 	502053323033310a20202020000000ff
[    12.496] (II) AMDGPU(0): 	00334351323039434333570a2020006c
[    12.496] (II) AMDGPU(0): Printing probed modes for output DisplayPort-1
[    12.496] (II) AMDGPU(0): Modeline "1600x900"x60.0  108.00  1600 1624 1704 1800  900 901 904 1000 +hsync +vsync (60.0 kHz eP)
[    12.496] (II) AMDGPU(0): Modeline "1280x1024"x60.0  108.00  1280 1328 1440 1688  1024 1025 1028 1066 +hsync +vsync (64.0 kHz e)
[    12.496] (II) AMDGPU(0): Modeline "1440x900"x59.9  106.50  1440 1520 1672 1904  900 903 909 934 -hsync +vsync (55.9 kHz e)
[    12.496] (II) AMDGPU(0): Modeline "1280x800"x60.0  108.00  1280 1624 1704 1800  800 901 904 1000 +hsync +vsync (60.0 kHz e)
[    12.496] (II) AMDGPU(0): Modeline "1280x720"x60.0   74.25  1280 1390 1430 1650  720 725 730 750 +hsync +vsync (45.0 kHz e)
[    12.496] (II) AMDGPU(0): Modeline "1024x768"x60.0   65.00  1024 1048 1184 1344  768 771 777 806 -hsync -vsync (48.4 kHz e)
[    12.496] (II) AMDGPU(0): Modeline "800x600"x60.3   40.00  800 840 968 1056  600 601 605 628 +hsync +vsync (37.9 kHz e)
[    12.496] (II) AMDGPU(0): Modeline "640x480"x59.9   25.18  640 656 752 800  480 490 492 525 -hsync -vsync (31.5 kHz e)
[    12.496] (II) AMDGPU(0): Modeline "720x400"x70.1   28.32  720 738 846 900  400 412 414 449 -hsync +vsync (31.5 kHz e)
[    12.496] (II) AMDGPU(0): EDID for output DisplayPort-2
[    12.497] (II) AMDGPU(0): EDID for output HDMI-A-0
[    12.497] (II) AMDGPU(0): Manufacturer: VTK  Model: 24  Serial#: 0
[    12.497] (II) AMDGPU(0): Year: 2018  Week: 19
[    12.497] (II) AMDGPU(0): EDID Version: 1.3
[    12.497] (II) AMDGPU(0): Digital Display Input
[    12.497] (II) AMDGPU(0): Max Image Size [cm]: horiz.: 53  vert.: 30
[    12.497] (II) AMDGPU(0): Gamma: 2.20
[    12.497] (II) AMDGPU(0): DPMS capabilities: Off
[    12.497] (II) AMDGPU(0): Supported color encodings: RGB 4:4:4 YCrCb 4:4:4 YCrCb 4:2:2
[    12.497] (II) AMDGPU(0): First detailed timing is preferred mode
[    12.497] (II) AMDGPU(0): redX: 0.652 redY: 0.330   greenX: 0.222 greenY: 0.681
[    12.497] (II) AMDGPU(0): blueX: 0.148 blueY: 0.054   whiteX: 0.313 whiteY: 0.329
[    12.497] (II) AMDGPU(0): Supported established timings:
[    12.497] (II) AMDGPU(0): 720x400@70Hz
[    12.497] (II) AMDGPU(0): 640x480@60Hz
[    12.497] (II) AMDGPU(0): 640x480@75Hz
[    12.497] (II) AMDGPU(0): 800x600@60Hz
[    12.497] (II) AMDGPU(0): 800x600@75Hz
[    12.497] (II) AMDGPU(0): 1024x768@60Hz
[    12.497] (II) AMDGPU(0): 1024x768@75Hz
[    12.497] (II) AMDGPU(0): 1280x1024@75Hz
[    12.497] (II) AMDGPU(0): Manufacturer's mask: 0
[    12.497] (II) AMDGPU(0): Supported standard timings:
[    12.497] (II) AMDGPU(0): #0: hsize: 1152  vsize 864  refresh: 60  vid: 16497
[    12.497] (II) AMDGPU(0): #1: hsize: 1280  vsize 720  refresh: 60  vid: 49281
[    12.497] (II) AMDGPU(0): #2: hsize: 1280  vsize 1024  refresh: 60  vid: 32897
[    12.497] (II) AMDGPU(0): #3: hsize: 1440  vsize 900  refresh: 60  vid: 149
[    12.497] (II) AMDGPU(0): #4: hsize: 1600  vsize 900  refresh: 60  vid: 49321
[    12.497] (II) AMDGPU(0): #5: hsize: 1680  vsize 1050  refresh: 60  vid: 179
[    12.497] (II) AMDGPU(0): #6: hsize: 1920  vsize 1080  refresh: 60  vid: 49361
[    12.497] (II) AMDGPU(0): Supported detailed timing:
[    12.497] (II) AMDGPU(0): clock: 148.5 MHz   Image Size:  530 x 300 mm
[    12.497] (II) AMDGPU(0): h_active: 1920  h_sync: 2008  h_sync_end 2052 h_blank_end 2200 h_border: 0
[    12.497] (II) AMDGPU(0): v_active: 1080  v_sync: 1084  v_sync_end 1089 v_blanking: 1125 v_border: 0
[    12.497] (II) AMDGPU(0): Ranges: V min: 48 V max: 75 Hz, H min: 31 H max: 100 kHz, PixClock max 205 MHz
[    12.497] (II) AMDGPU(0): Monitor name: VIOTEKNB24CB
[    12.497] (II) AMDGPU(0): Serial No: 
[    12.497] (II) AMDGPU(0): Supported detailed timing:
[    12.497] (II) AMDGPU(0): clock: 185.6 MHz   Image Size:  530 x 300 mm
[    12.497] (II) AMDGPU(0): h_active: 1920  h_sync: 2008  h_sync_end 2052 h_blank_end 2200 h_border: 0
[    12.497] (II) AMDGPU(0): v_active: 1080  v_sync: 1084  v_sync_end 1089 v_blanking: 1125 v_border: 0
[    12.497] (II) AMDGPU(0): Number of EDID sections to follow: 1
[    12.497] (II) AMDGPU(0): EDID (in hex):
[    12.497] (II) AMDGPU(0): 	00ffffffffffff005a8b240000000000
[    12.497] (II) AMDGPU(0): 	131c010380351e783a2d35a75438ae26
[    12.497] (II) AMDGPU(0): 	0d5054a54b00714081c081809500a9c0
[    12.497] (II) AMDGPU(0): 	b300d1c00101023a801871382d40582c
[    12.497] (II) AMDGPU(0): 	4500122c2100001e000000fd00304b1f
[    12.497] (II) AMDGPU(0): 	6414000a202020202020000000fc0056
[    12.497] (II) AMDGPU(0): 	494f54454b4e42323443420a000000ff
[    12.497] (II) AMDGPU(0): 	002020202020202020202020200a011e
[    12.497] (II) AMDGPU(0): 	020327f14b900102030405111213141f
[    12.497] (II) AMDGPU(0): 	230907078301000065030c001000681a
[    12.497] (II) AMDGPU(0): 	00000101304b008048801871382d4058
[    12.497] (II) AMDGPU(0): 	2c4500122c2100001e00000000000000
[    12.497] (II) AMDGPU(0): 	00000000000000000000000000000000
[    12.497] (II) AMDGPU(0): 	00000000000000000000000000000000
[    12.497] (II) AMDGPU(0): 	00000000000000000000000000000000
[    12.497] (II) AMDGPU(0): 	00000000000000000000000000000093
[    12.497] (II) AMDGPU(0): Printing probed modes for output HDMI-A-0
[    12.497] (II) AMDGPU(0): Modeline "1920x1080"x60.0  148.50  1920 2008 2052 2200  1080 1084 1089 1125 +hsync +vsync (67.5 kHz eP)
[    12.497] (II) AMDGPU(0): Modeline "1920x1080"x75.0  185.60  1920 2008 2052 2200  1080 1084 1089 1125 +hsync +vsync (84.4 kHz e)
[    12.497] (II) AMDGPU(0): Modeline "1920x1080"x50.0  148.50  1920 2448 2492 2640  1080 1084 1089 1125 +hsync +vsync (56.2 kHz e)
[    12.497] (II) AMDGPU(0): Modeline "1920x1080"x59.9  148.35  1920 2008 2052 2200  1080 1084 1089 1125 +hsync +vsync (67.4 kHz e)
[    12.497] (II) AMDGPU(0): Modeline "1680x1050"x59.9  119.00  1680 1728 1760 1840  1050 1053 1059 1080 +hsync -vsync (64.7 kHz e)
[    12.497] (II) AMDGPU(0): Modeline "1600x900"x60.0  108.00  1600 1624 1704 1800  900 901 904 1000 +hsync +vsync (60.0 kHz e)
[    12.497] (II) AMDGPU(0): Modeline "1280x1024"x75.0  135.00  1280 1296 1440 1688  1024 1025 1028 1066 +hsync +vsync (80.0 kHz e)
[    12.497] (II) AMDGPU(0): Modeline "1280x1024"x60.0  108.00  1280 1328 1440 1688  1024 1025 1028 1066 +hsync +vsync (64.0 kHz e)
[    12.497] (II) AMDGPU(0): Modeline "1440x900"x59.9   88.75  1440 1488 1520 1600  900 903 909 926 +hsync -vsync (55.5 kHz e)
[    12.497] (II) AMDGPU(0): Modeline "1280x800"x60.0  148.50  1280 2008 2052 2200  800 1084 1089 1125 +hsync +vsync (67.5 kHz e)
[    12.497] (II) AMDGPU(0): Modeline "1280x720"x60.0   74.25  1280 1390 1430 1650  720 725 730 750 +hsync +vsync (45.0 kHz e)
[    12.497] (II) AMDGPU(0): Modeline "1280x720"x50.0   74.25  1280 1720 1760 1980  720 725 730 750 +hsync +vsync (37.5 kHz e)
[    12.497] (II) AMDGPU(0): Modeline "1280x720"x59.9   74.18  1280 1390 1430 1650  720 725 730 750 +hsync +vsync (45.0 kHz e)
[    12.497] (II) AMDGPU(0): Modeline "1024x768"x75.0   78.75  1024 1040 1136 1312  768 769 772 800 +hsync +vsync (60.0 kHz e)
[    12.497] (II) AMDGPU(0): Modeline "1024x768"x60.0   65.00  1024 1048 1184 1344  768 771 777 806 -hsync -vsync (48.4 kHz e)
[    12.497] (II) AMDGPU(0): Modeline "800x600"x75.0   49.50  800 816 896 1056  600 601 604 625 +hsync +vsync (46.9 kHz e)
[    12.497] (II) AMDGPU(0): Modeline "800x600"x60.3   40.00  800 840 968 1056  600 601 605 628 +hsync +vsync (37.9 kHz e)
[    12.497] (II) AMDGPU(0): Modeline "720x576"x50.0   27.00  720 732 796 864  576 581 586 625 -hsync -vsync (31.2 kHz e)
[    12.497] (II) AMDGPU(0): Modeline "720x480"x60.0   27.03  720 736 798 858  480 489 495 525 -hsync -vsync (31.5 kHz e)
[    12.497] (II) AMDGPU(0): Modeline "720x480"x59.9   27.00  720 736 798 858  480 489 495 525 -hsync -vsync (31.5 kHz e)
[    12.497] (II) AMDGPU(0): Modeline "640x480"x75.0   31.50  640 656 720 840  480 481 484 500 -hsync -vsync (37.5 kHz e)
[    12.497] (II) AMDGPU(0): Modeline "640x480"x60.0   25.20  640 656 752 800  480 490 492 525 -hsync -vsync (31.5 kHz e)
[    12.497] (II) AMDGPU(0): Modeline "640x480"x59.9   25.18  640 656 752 800  480 490 492 525 -hsync -vsync (31.5 kHz e)
[    12.497] (II) AMDGPU(0): Modeline "720x400"x70.1   28.32  720 738 846 900  400 412 414 449 -hsync +vsync (31.5 kHz e)
[    12.497] (II) AMDGPU(0): EDID for output DVI-D-0
[    12.497] (II) AMDGPU(0): Output DisplayPort-0 connected
[    12.497] (II) AMDGPU(0): Output DisplayPort-1 connected
[    12.497] (II) AMDGPU(0): Output DisplayPort-2 disconnected
[    12.497] (II) AMDGPU(0): Output HDMI-A-0 connected
[    12.497] (II) AMDGPU(0): Output DVI-D-0 disconnected
[    12.497] (II) AMDGPU(0): Using spanning desktop for initial modes
[    12.497] (II) AMDGPU(0): Output DisplayPort-0 using initial mode 2560x1080 +0+0
[    12.497] (II) AMDGPU(0): Output DisplayPort-1 using initial mode 1600x900 +2560+0
[    12.497] (II) AMDGPU(0): Output HDMI-A-0 using initial mode 1920x1080 +4160+0
[    12.497] (II) AMDGPU(0): mem size init: gart size :1ffd3d000 vram size: s:1fec34000 visible:f044000
[    12.497] (==) AMDGPU(0): DPI set to (96, 96)
[    12.497] (==) AMDGPU(0): Using gamma correction (1.0, 1.0, 1.0)
[    12.497] (II) Loading sub module "ramdac"
[    12.497] (II) LoadModule: "ramdac"
[    12.497] (II) Module "ramdac" already built-in
[    12.497] (II) AMDGPU(0): [DRI2] Setup complete
[    12.497] (II) AMDGPU(0): [DRI2]   DRI driver: radeonsi
[    12.497] (II) AMDGPU(0): [DRI2]   VDPAU driver: radeonsi
[    12.497] (II) AMDGPU(0): Front buffer pitch: 24576 bytes
[    12.499] (II) AMDGPU(0): SYNC extension fences enabled
[    12.499] (II) AMDGPU(0): Present extension enabled
[    12.499] (==) AMDGPU(0): DRI3 enabled
[    12.499] (==) AMDGPU(0): Backing store enabled
[    12.499] (II) AMDGPU(0): Direct rendering enabled
[    12.518] (II) AMDGPU(0): Use GLAMOR acceleration.
[    12.518] (II) AMDGPU(0): Acceleration enabled
[    12.518] (==) AMDGPU(0): DPMS enabled
[    12.518] (==) AMDGPU(0): Silken mouse disabled
[    12.518] (II) AMDGPU(0): Set up textured video (glamor)
[    12.546] (II) Initializing extension Generic Event Extension
[    12.546] (II) Initializing extension SHAPE
[    12.546] (II) Initializing extension MIT-SHM
[    12.546] (II) Initializing extension XInputExtension
[    12.546] (II) Initializing extension XTEST
[    12.546] (II) Initializing extension BIG-REQUESTS
[    12.546] (II) Initializing extension SYNC
[    12.546] (II) Initializing extension XKEYBOARD
[    12.546] (II) Initializing extension XC-MISC
[    12.546] (II) Initializing extension SECURITY
[    12.546] (II) Initializing extension XFIXES
[    12.546] (II) Initializing extension RENDER
[    12.546] (II) Initializing extension RANDR
[    12.546] (II) Initializing extension COMPOSITE
[    12.546] (II) Initializing extension DAMAGE
[    12.546] (II) Initializing extension MIT-SCREEN-SAVER
[    12.546] (II) Initializing extension DOUBLE-BUFFER
[    12.546] (II) Initializing extension RECORD
[    12.546] (II) Initializing extension DPMS
[    12.546] (II) Initializing extension Present
[    12.546] (II) Initializing extension DRI3
[    12.546] (II) Initializing extension X-Resource
[    12.546] (II) Initializing extension XVideo
[    12.546] (II) Initializing extension XVideo-MotionCompensation
[    12.546] (II) Initializing extension GLX
[    12.549] (II) AIGLX: Loaded and initialized radeonsi
[    12.549] (II) GLX: Initialized DRI2 GL provider for screen 0
[    12.549] (II) Initializing extension XFree86-VidModeExtension
[    12.549] (II) Initializing extension XFree86-DGA
[    12.549] (II) Initializing extension XFree86-DRI
[    12.549] (II) Initializing extension DRI2
[    12.556] (II) AMDGPU(0): Setting screen physical size to 1608 x 285
[    12.674] (II) config/udev: Adding input device Power Button (/dev/input/event1)
[    12.674] (**) Power Button: Applying InputClass "libinput keyboard catchall"
[    12.674] (II) LoadModule: "libinput"
[    12.674] (II) Loading /usr/lib/xorg/modules/input/libinput_drv.so
[    12.678] (II) Module libinput: vendor="X.Org Foundation"
[    12.678] 	compiled for 1.20.8, module version = 0.30.0
[    12.678] 	Module class: X.Org XInput Driver
[    12.678] 	ABI class: X.Org XInput driver, version 24.1
[    12.678] (II) Using input driver 'libinput' for 'Power Button'
[    12.678] (II) systemd-logind: got fd for /dev/input/event1 13:65 fd 19 paused 0
[    12.678] (**) Power Button: always reports core events
[    12.678] (**) Option "Device" "/dev/input/event1"
[    12.678] (**) Option "_source" "server/udev"
[    12.683] (II) event1  - Power Button: is tagged by udev as: Keyboard
[    12.683] (II) event1  - Power Button: device is a keyboard
[    12.684] (II) event1  - Power Button: device removed
[    12.684] (**) Option "config_info" "udev:/sys/devices/LNXSYSTM:00/LNXPWRBN:00/input/input1/event1"
[    12.684] (II) XINPUT: Adding extended input device "Power Button" (type: KEYBOARD, id 6)
[    12.684] (II) event1  - Power Button: is tagged by udev as: Keyboard
[    12.684] (II) event1  - Power Button: device is a keyboard
[    12.684] (II) config/udev: Adding input device Power Button (/dev/input/event0)
[    12.684] (**) Power Button: Applying InputClass "libinput keyboard catchall"
[    12.684] (II) Using input driver 'libinput' for 'Power Button'
[    12.685] (II) systemd-logind: got fd for /dev/input/event0 13:64 fd 22 paused 0
[    12.685] (**) Power Button: always reports core events
[    12.685] (**) Option "Device" "/dev/input/event0"
[    12.685] (**) Option "_source" "server/udev"
[    12.685] (II) event0  - Power Button: is tagged by udev as: Keyboard
[    12.685] (II) event0  - Power Button: device is a keyboard
[    12.685] (II) event0  - Power Button: device removed
[    12.685] (**) Option "config_info" "udev:/sys/devices/LNXSYSTM:00/LNXSYBUS:00/PNP0C0C:00/input/input0/event0"
[    12.685] (II) XINPUT: Adding extended input device "Power Button" (type: KEYBOARD, id 7)
[    12.686] (II) event0  - Power Button: is tagged by udev as: Keyboard
[    12.686] (II) event0  - Power Button: device is a keyboard
[    12.686] (II) config/udev: Adding input device HDA ATI HDMI HDMI/DP,pcm=7 (/dev/input/event10)
[    12.686] (II) No input driver specified, ignoring this device.
[    12.686] (II) This device may have been added with another device file.
[    12.686] (II) config/udev: Adding input device HDA ATI HDMI HDMI/DP,pcm=8 (/dev/input/event11)
[    12.686] (II) No input driver specified, ignoring this device.
[    12.686] (II) This device may have been added with another device file.
[    12.687] (II) config/udev: Adding input device HDA ATI HDMI HDMI/DP,pcm=9 (/dev/input/event12)
[    12.687] (II) No input driver specified, ignoring this device.
[    12.687] (II) This device may have been added with another device file.
[    12.687] (II) config/udev: Adding input device HDA ATI HDMI HDMI/DP,pcm=10 (/dev/input/event13)
[    12.687] (II) No input driver specified, ignoring this device.
[    12.687] (II) This device may have been added with another device file.
[    12.687] (II) config/udev: Adding input device HDA ATI HDMI HDMI/DP,pcm=11 (/dev/input/event14)
[    12.687] (II) No input driver specified, ignoring this device.
[    12.687] (II) This device may have been added with another device file.
[    12.687] (II) config/udev: Adding input device HDA ATI HDMI HDMI/DP,pcm=3 (/dev/input/event9)
[    12.687] (II) No input driver specified, ignoring this device.
[    12.687] (II) This device may have been added with another device file.
[    12.687] (II) config/udev: Adding input device HID 06f3:0309 (/dev/input/event2)
[    12.687] (**) HID 06f3:0309: Applying InputClass "libinput keyboard catchall"
[    12.687] (II) Using input driver 'libinput' for 'HID 06f3:0309'
[    12.688] (II) systemd-logind: got fd for /dev/input/event2 13:66 fd 23 paused 0
[    12.688] (**) HID 06f3:0309: always reports core events
[    12.688] (**) Option "Device" "/dev/input/event2"
[    12.688] (**) Option "_source" "server/udev"
[    12.689] (II) event2  - HID 06f3:0309: is tagged by udev as: Keyboard
[    12.689] (II) event2  - HID 06f3:0309: device is a keyboard
[    12.689] (II) event2  - HID 06f3:0309: device removed
[    12.689] (**) Option "config_info" "udev:/sys/devices/pci0000:00/0000:00:01.2/0000:01:00.0/0000:02:08.0/0000:05:00.3/usb3/3-4/3-4:1.0/0003:06F3:0309.0001/input/input2/event2"
[    12.689] (II) XINPUT: Adding extended input device "HID 06f3:0309" (type: KEYBOARD, id 8)
[    12.690] (II) event2  - HID 06f3:0309: is tagged by udev as: Keyboard
[    12.690] (II) event2  - HID 06f3:0309: device is a keyboard
[    12.690] (II) config/udev: Adding input device HID 06f3:0309 Keyboard (/dev/input/event4)
[    12.690] (**) HID 06f3:0309 Keyboard: Applying InputClass "libinput keyboard catchall"
[    12.690] (II) Using input driver 'libinput' for 'HID 06f3:0309 Keyboard'
[    12.691] (II) systemd-logind: got fd for /dev/input/event4 13:68 fd 24 paused 0
[    12.691] (**) HID 06f3:0309 Keyboard: always reports core events
[    12.691] (**) Option "Device" "/dev/input/event4"
[    12.691] (**) Option "_source" "server/udev"
[    12.692] (II) event4  - HID 06f3:0309 Keyboard: is tagged by udev as: Keyboard
[    12.692] (II) event4  - HID 06f3:0309 Keyboard: device is a keyboard
[    12.692] (II) event4  - HID 06f3:0309 Keyboard: device removed
[    12.692] (**) Option "config_info" "udev:/sys/devices/pci0000:00/0000:00:01.2/0000:01:00.0/0000:02:08.0/0000:05:00.3/usb3/3-4/3-4:1.1/0003:06F3:0309.0003/input/input4/event4"
[    12.692] (II) XINPUT: Adding extended input device "HID 06f3:0309 Keyboard" (type: KEYBOARD, id 9)
[    12.693] (II) event4  - HID 06f3:0309 Keyboard: is tagged by udev as: Keyboard
[    12.693] (II) event4  - HID 06f3:0309 Keyboard: device is a keyboard
[    12.693] (II) config/udev: Adding input device HID 06f3:0309 Consumer Control (/dev/input/event5)
[    12.693] (**) HID 06f3:0309 Consumer Control: Applying InputClass "libinput keyboard catchall"
[    12.693] (II) Using input driver 'libinput' for 'HID 06f3:0309 Consumer Control'
[    12.694] (II) systemd-logind: got fd for /dev/input/event5 13:69 fd 25 paused 0
[    12.694] (**) HID 06f3:0309 Consumer Control: always reports core events
[    12.694] (**) Option "Device" "/dev/input/event5"
[    12.694] (**) Option "_source" "server/udev"
[    12.695] (II) event5  - HID 06f3:0309 Consumer Control: is tagged by udev as: Keyboard
[    12.695] (II) event5  - HID 06f3:0309 Consumer Control: device is a keyboard
[    12.695] (II) event5  - HID 06f3:0309 Consumer Control: device removed
[    12.695] (II) libinput: HID 06f3:0309 Consumer Control: needs a virtual subdevice
[    12.695] (**) Option "config_info" "udev:/sys/devices/pci0000:00/0000:00:01.2/0000:01:00.0/0000:02:08.0/0000:05:00.3/usb3/3-4/3-4:1.1/0003:06F3:0309.0003/input/input5/event5"
[    12.695] (II) XINPUT: Adding extended input device "HID 06f3:0309 Consumer Control" (type: MOUSE, id 10)
[    12.695] (**) Option "AccelerationScheme" "none"
[    12.695] (**) HID 06f3:0309 Consumer Control: (accel) selected scheme none/0
[    12.695] (**) HID 06f3:0309 Consumer Control: (accel) acceleration factor: 2.000
[    12.695] (**) HID 06f3:0309 Consumer Control: (accel) acceleration threshold: 4
[    12.696] (II) event5  - HID 06f3:0309 Consumer Control: is tagged by udev as: Keyboard
[    12.696] (II) event5  - HID 06f3:0309 Consumer Control: device is a keyboard
[    12.696] (II) config/udev: Adding input device HID 06f3:0309 System Control (/dev/input/event6)
[    12.696] (**) HID 06f3:0309 System Control: Applying InputClass "libinput keyboard catchall"
[    12.696] (II) Using input driver 'libinput' for 'HID 06f3:0309 System Control'
[    12.697] (II) systemd-logind: got fd for /dev/input/event6 13:70 fd 26 paused 0
[    12.697] (**) HID 06f3:0309 System Control: always reports core events
[    12.697] (**) Option "Device" "/dev/input/event6"
[    12.697] (**) Option "_source" "server/udev"
[    12.698] (II) event6  - HID 06f3:0309 System Control: is tagged by udev as: Keyboard
[    12.698] (II) event6  - HID 06f3:0309 System Control: device is a keyboard
[    12.698] (II) event6  - HID 06f3:0309 System Control: device removed
[    12.698] (**) Option "config_info" "udev:/sys/devices/pci0000:00/0000:00:01.2/0000:01:00.0/0000:02:08.0/0000:05:00.3/usb3/3-4/3-4:1.1/0003:06F3:0309.0003/input/input6/event6"
[    12.698] (II) XINPUT: Adding extended input device "HID 06f3:0309 System Control" (type: KEYBOARD, id 11)
[    12.699] (II) event6  - HID 06f3:0309 System Control: is tagged by udev as: Keyboard
[    12.699] (II) event6  - HID 06f3:0309 System Control: device is a keyboard
[    12.699] (II) config/udev: Adding input device USB Optical Mouse (/dev/input/event3)
[    12.699] (**) USB Optical Mouse: Applying InputClass "libinput pointer catchall"
[    12.699] (II) Using input driver 'libinput' for 'USB Optical Mouse'
[    12.754] (II) systemd-logind: got fd for /dev/input/event3 13:67 fd 27 paused 0
[    12.754] (**) USB Optical Mouse: always reports core events
[    12.754] (**) Option "Device" "/dev/input/event3"
[    12.754] (**) Option "_source" "server/udev"
[    12.755] (II) event3  - USB Optical Mouse: is tagged by udev as: Mouse
[    12.755] (II) event3  - USB Optical Mouse: device is a pointer
[    12.755] (II) event3  - USB Optical Mouse: device removed
[    12.755] (**) Option "config_info" "udev:/sys/devices/pci0000:00/0000:00:08.1/0000:0c:00.3/usb5/5-2/5-2:1.0/0003:1BCF:0005.0002/input/input3/event3"
[    12.755] (II) XINPUT: Adding extended input device "USB Optical Mouse" (type: MOUSE, id 12)
[    12.755] (**) Option "AccelerationScheme" "none"
[    12.755] (**) USB Optical Mouse: (accel) selected scheme none/0
[    12.755] (**) USB Optical Mouse: (accel) acceleration factor: 2.000
[    12.755] (**) USB Optical Mouse: (accel) acceleration threshold: 4
[    12.756] (II) event3  - USB Optical Mouse: is tagged by udev as: Mouse
[    12.756] (II) event3  - USB Optical Mouse: device is a pointer
[    12.756] (II) config/udev: Adding input device USB Optical Mouse (/dev/input/mouse0)
[    12.756] (II) No input driver specified, ignoring this device.
[    12.756] (II) This device may have been added with another device file.
[    12.757] (II) config/udev: Adding input device CMTECK Co.,Ltd. CMTECK                       (/dev/input/event7)
[    12.757] (**) CMTECK Co.,Ltd. CMTECK                      : Applying InputClass "libinput keyboard catchall"
[    12.757] (II) Using input driver 'libinput' for 'CMTECK Co.,Ltd. CMTECK                      '
[    12.757] (II) systemd-logind: got fd for /dev/input/event7 13:71 fd 28 paused 0
[    12.757] (**) CMTECK Co.,Ltd. CMTECK                      : always reports core events
[    12.757] (**) Option "Device" "/dev/input/event7"
[    12.757] (**) Option "_source" "server/udev"
[    12.758] (II) event7  - CMTECK Co.,Ltd. CMTECK                      : is tagged by udev as: Keyboard
[    12.758] (II) event7  - CMTECK Co.,Ltd. CMTECK                      : device is a keyboard
[    12.758] (II) event7  - CMTECK Co.,Ltd. CMTECK                      : device removed
[    12.758] (**) Option "config_info" "udev:/sys/devices/pci0000:00/0000:00:08.1/0000:0c:00.3/usb5/5-4/5-4:1.2/0003:0C76:165F.0005/input/input7/event7"
[    12.758] (II) XINPUT: Adding extended input device "CMTECK Co.,Ltd. CMTECK                      " (type: KEYBOARD, id 13)
[    12.759] (II) event7  - CMTECK Co.,Ltd. CMTECK                      : is tagged by udev as: Keyboard
[    12.759] (II) event7  - CMTECK Co.,Ltd. CMTECK                      : device is a keyboard
[    12.759] (II) config/udev: Adding input device HDA Digital PCBeep (/dev/input/event15)
[    12.759] (II) No input driver specified, ignoring this device.
[    12.759] (II) This device may have been added with another device file.
[    12.759] (II) config/udev: Adding input device HD-Audio Generic Front Mic (/dev/input/event16)
[    12.759] (II) No input driver specified, ignoring this device.
[    12.759] (II) This device may have been added with another device file.
[    12.759] (II) config/udev: Adding input device HD-Audio Generic Rear Mic (/dev/input/event17)
[    12.759] (II) No input driver specified, ignoring this device.
[    12.759] (II) This device may have been added with another device file.
[    12.760] (II) config/udev: Adding input device HD-Audio Generic Line (/dev/input/event18)
[    12.760] (II) No input driver specified, ignoring this device.
[    12.760] (II) This device may have been added with another device file.
[    12.760] (II) config/udev: Adding input device HD-Audio Generic Line Out (/dev/input/event19)
[    12.760] (II) No input driver specified, ignoring this device.
[    12.760] (II) This device may have been added with another device file.
[    12.760] (II) config/udev: Adding input device HD-Audio Generic Front Headphone (/dev/input/event20)
[    12.760] (II) No input driver specified, ignoring this device.
[    12.760] (II) This device may have been added with another device file.
[    12.760] (II) config/udev: Adding input device Eee PC WMI hotkeys (/dev/input/event21)
[    12.760] (**) Eee PC WMI hotkeys: Applying InputClass "libinput keyboard catchall"
[    12.760] (II) Using input driver 'libinput' for 'Eee PC WMI hotkeys'
[    12.760] (II) systemd-logind: got fd for /dev/input/event21 13:85 fd 29 paused 0
[    12.760] (**) Eee PC WMI hotkeys: always reports core events
[    12.760] (**) Option "Device" "/dev/input/event21"
[    12.760] (**) Option "_source" "server/udev"
[    12.761] (II) event21 - Eee PC WMI hotkeys: is tagged by udev as: Keyboard
[    12.761] (II) event21 - Eee PC WMI hotkeys: device is a keyboard
[    12.761] (II) event21 - Eee PC WMI hotkeys: device removed
[    12.761] (**) Option "config_info" "udev:/sys/devices/platform/eeepc-wmi/input/input21/event21"
[    12.761] (II) XINPUT: Adding extended input device "Eee PC WMI hotkeys" (type: KEYBOARD, id 14)
[    12.761] (II) event21 - Eee PC WMI hotkeys: is tagged by udev as: Keyboard
[    12.761] (II) event21 - Eee PC WMI hotkeys: device is a keyboard
[    12.762] (II) config/udev: Adding input device PC Speaker (/dev/input/event8)
[    12.762] (II) No input driver specified, ignoring this device.
[    12.762] (II) This device may have been added with another device file.
[    12.764] (**) HID 06f3:0309 Consumer Control: Applying InputClass "libinput keyboard catchall"
[    12.764] (II) Using input driver 'libinput' for 'HID 06f3:0309 Consumer Control'
[    12.764] (II) systemd-logind: returning pre-existing fd for /dev/input/event5 13:69
[    12.764] (**) HID 06f3:0309 Consumer Control: always reports core events
[    12.764] (**) Option "Device" "/dev/input/event5"
[    12.764] (**) Option "_source" "_driver/libinput"
[    12.764] (II) libinput: HID 06f3:0309 Consumer Control: is a virtual subdevice
[    12.764] (**) Option "config_info" "udev:/sys/devices/pci0000:00/0000:00:01.2/0000:01:00.0/0000:02:08.0/0000:05:00.3/usb3/3-4/3-4:1.1/0003:06F3:0309.0003/input/input5/event5"
[    12.764] (II) XINPUT: Adding extended input device "HID 06f3:0309 Consumer Control" (type: KEYBOARD, id 15)
[    13.202] (II) AMDGPU(0): EDID vendor "HWP", prod id 10500
[    13.202] (II) AMDGPU(0): Using EDID range info for horizontal sync
[    13.202] (II) AMDGPU(0): Using EDID range info for vertical refresh
[    13.202] (II) AMDGPU(0): Printing DDC gathered Modelines:
[    13.202] (II) AMDGPU(0): Modeline "1600x900"x0.0  108.00  1600 1624 1704 1800  900 901 904 1000 +hsync +vsync (60.0 kHz eP)
[    13.202] (II) AMDGPU(0): Modeline "800x600"x0.0   40.00  800 840 968 1056  600 601 605 628 +hsync +vsync (37.9 kHz e)
[    13.202] (II) AMDGPU(0): Modeline "640x480"x0.0   25.18  640 656 752 800  480 490 492 525 -hsync -vsync (31.5 kHz e)
[    13.202] (II) AMDGPU(0): Modeline "720x400"x0.0   28.32  720 738 846 900  400 412 414 449 -hsync +vsync (31.5 kHz e)
[    13.202] (II) AMDGPU(0): Modeline "1024x768"x0.0   65.00  1024 1048 1184 1344  768 771 777 806 -hsync -vsync (48.4 kHz e)
[    13.202] (II) AMDGPU(0): Modeline "1280x720"x60.0   74.48  1280 1336 1472 1664  720 721 724 746 -hsync +vsync (44.8 kHz e)
[    13.202] (II) AMDGPU(0): Modeline "1280x1024"x0.0  108.00  1280 1328 1440 1688  1024 1025 1028 1066 +hsync +vsync (64.0 kHz e)
[    13.202] (II) AMDGPU(0): Modeline "1440x900"x0.0  106.50  1440 1520 1672 1904  900 903 909 934 -hsync +vsync (55.9 kHz e)
[    14.654] (II) AMDGPU(0): EDID vendor "HWP", prod id 10500
[    14.654] (II) AMDGPU(0): Using hsync ranges from config file
[    14.654] (II) AMDGPU(0): Using vrefresh ranges from config file
[    14.654] (II) AMDGPU(0): Printing DDC gathered Modelines:
[    14.654] (II) AMDGPU(0): Modeline "1600x900"x0.0  108.00  1600 1624 1704 1800  900 901 904 1000 +hsync +vsync (60.0 kHz eP)
[    14.654] (II) AMDGPU(0): Modeline "800x600"x0.0   40.00  800 840 968 1056  600 601 605 628 +hsync +vsync (37.9 kHz e)
[    14.654] (II) AMDGPU(0): Modeline "640x480"x0.0   25.18  640 656 752 800  480 490 492 525 -hsync -vsync (31.5 kHz e)
[    14.654] (II) AMDGPU(0): Modeline "720x400"x0.0   28.32  720 738 846 900  400 412 414 449 -hsync +vsync (31.5 kHz e)
[    14.654] (II) AMDGPU(0): Modeline "1024x768"x0.0   65.00  1024 1048 1184 1344  768 771 777 806 -hsync -vsync (48.4 kHz e)
[    14.654] (II) AMDGPU(0): Modeline "1280x720"x60.0   74.48  1280 1336 1472 1664  720 721 724 746 -hsync +vsync (44.8 kHz e)
[    14.654] (II) AMDGPU(0): Modeline "1280x1024"x0.0  108.00  1280 1328 1440 1688  1024 1025 1028 1066 +hsync +vsync (64.0 kHz e)
[    14.654] (II) AMDGPU(0): Modeline "1440x900"x0.0  106.50  1440 1520 1672 1904  900 903 909 934 -hsync +vsync (55.9 kHz e)
[ 25067.453] (II) config/udev: Adding input device PixArt USB Optical Mouse (/dev/input/mouse1)
[ 25067.453] (II) No input driver specified, ignoring this device.
[ 25067.453] (II) This device may have been added with another device file.
[ 25067.538] (II) config/udev: Adding input device PixArt USB Optical Mouse (/dev/input/event22)
[ 25067.538] (**) PixArt USB Optical Mouse: Applying InputClass "libinput pointer catchall"
[ 25067.538] (II) Using input driver 'libinput' for 'PixArt USB Optical Mouse'
[ 25067.538] (II) systemd-logind: got fd for /dev/input/event22 13:86 fd 68 paused 0
[ 25067.538] (**) PixArt USB Optical Mouse: always reports core events
[ 25067.538] (**) Option "Device" "/dev/input/event22"
[ 25067.538] (**) Option "_source" "server/udev"
[ 25067.539] (II) event22 - PixArt USB Optical Mouse: is tagged by udev as: Mouse
[ 25067.539] (II) event22 - PixArt USB Optical Mouse: device set to 1000 DPI
[ 25067.539] (II) event22 - PixArt USB Optical Mouse: device is a pointer
[ 25067.540] (II) event22 - PixArt USB Optical Mouse: device removed
[ 25067.540] (**) Option "config_info" "udev:/sys/devices/pci0000:00/0000:00:01.2/0000:01:00.0/0000:02:08.0/0000:05:00.3/usb3/3-2/3-2:1.0/0003:093A:2510.0007/input/input22/event22"
[ 25067.540] (II) XINPUT: Adding extended input device "PixArt USB Optical Mouse" (type: MOUSE, id 16)
[ 25067.540] (**) Option "AccelerationScheme" "none"
[ 25067.540] (**) PixArt USB Optical Mouse: (accel) selected scheme none/0
[ 25067.540] (**) PixArt USB Optical Mouse: (accel) acceleration factor: 2.000
[ 25067.540] (**) PixArt USB Optical Mouse: (accel) acceleration threshold: 4
[ 25067.541] (II) event22 - PixArt USB Optical Mouse: is tagged by udev as: Mouse
[ 25067.541] (II) event22 - PixArt USB Optical Mouse: device set to 1000 DPI
[ 25067.541] (II) event22 - PixArt USB Optical Mouse: device is a pointer
